<?xml version="1.0" encoding="UTF-8"?>
<!-- Generated by org.testng.reporters.JUnitReportReporter -->
<testsuite skipped="0" hostname="CPT-AA191158" name="com.GlobalK_Selenium_Project.Test.PersonLoans_Test" tests="5" failures="0" timestamp="20 Jan 2020 16:19:34 GMT" time="15.097" errors="0">
  <testcase name="verifyPersonalLoanPage" time="5.037" classname="com.GlobalK_Selenium_Project.Test.PersonLoans_Test"/>
  <testcase name="verifyCalculator" time="4.563" classname="com.GlobalK_Selenium_Project.Test.PersonLoans_Test"/>
  <testcase name="verifyViewBreakDown" time="2.148" classname="com.GlobalK_Selenium_Project.Test.PersonLoans_Test"/>
  <testcase name="verifyAmounts" time="2.061" classname="com.GlobalK_Selenium_Project.Test.PersonLoans_Test"/>
  <testcase name="clickPersonalLoanLink" time="1.288" classname="com.GlobalK_Selenium_Project.Test.PersonLoans_Test"/>
</testsuite> <!-- com.GlobalK_Selenium_Project.Test.PersonLoans_Test -->
