<?xml version="1.0" encoding="UTF-8"?>
<!-- Generated by org.testng.reporters.JUnitReportReporter -->
<testsuite skipped="0" hostname="CPT-AA191158" name="com.GlobalK_Selenium_Project.Test.HomePage_Test" tests="1" failures="0" timestamp="20 Jan 2020 16:19:34 GMT" time="10.039" errors="0">
  <testcase name="verifyHomePage" time="10.039" classname="com.GlobalK_Selenium_Project.Test.HomePage_Test"/>
</testsuite> <!-- com.GlobalK_Selenium_Project.Test.HomePage_Test -->
